[  0%] Built target std_msgs_generate_messages_lisp
[  0%] Built target rosgraph_msgs_generate_messages_lisp
[  0%] Built target roscpp_generate_messages_py
[  0%] Built target roscpp_generate_messages_lisp
[  0%] Built target roscpp_generate_messages_cpp
[  0%] Built target geometry_msgs_generate_messages_cpp
[  0%] Built target geometry_msgs_generate_messages_lisp
[  0%] Built target std_msgs_generate_messages_py
[  0%] Built target rosgraph_msgs_generate_messages_py
[  0%] Built target std_msgs_generate_messages_cpp
[  0%] Built target geometry_msgs_generate_messages_py
[35m[1mScanning dependencies of target frontend[0m
[  0%] Built target rosgraph_msgs_generate_messages_cpp
[ 10%] [32mBuilding CXX object CMakeFiles/frontend.dir/src/Backend.cpp.o[0m
[ 10%] [32mBuilding CXX object CMakeFiles/frontend.dir/src/AsusProLiveOpenNI2.cpp.o[0m
/home/tuofeichen/SLAM/MAV-Project/catkin_ws/src/backend/src/Backend.cpp: In member function â€˜void Backend::setNewNode(const SLAM::Frame&, const Matrix4f&, const Eigen::Matrix<float, 6, 6>&, uint8_t)â€™:
/home/tuofeichen/SLAM/MAV-Project/catkin_ws/src/backend/src/Backend.cpp:61:30: error: â€˜sGrayImgâ€™ was not declared in this scope
  encodeImage(frame.getGray(),sGrayImg);
                              ^
/home/tuofeichen/SLAM/MAV-Project/catkin_ws/src/backend/src/Backend.cpp:62:23: error: â€˜GRAYâ€™ is not a member of â€˜UavComProtocol::CMD1â€™
  protocolHandler.send(UavComProtocol::CMD1::GRAY, sGrayImg);
                       ^
make[2]: *** [CMakeFiles/frontend.dir/src/Backend.cpp.o] Error 1
make[2]: *** Waiting for unfinished jobs....
make[1]: *** [CMakeFiles/frontend.dir/all] Error 2
make: *** [all] Error 2
