/home/tuofeichen/SLAM/MAV-Project/catkin_ws/src/backend/src/SURF.cpp: In member function ‘virtual bool SLAM::SURF::match(const std::vector<cv::KeyPoint>&, const cv::Mat&, const std::vector<cv::KeyPoint>&, const cv::Mat&, std::vector<cv::DMatch>&) const’:
/home/tuofeichen/SLAM/MAV-Project/catkin_ws/src/backend/src/SURF.cpp:67:36: error: ‘TRUE’ was not declared in this scope
  cv::BFMatcher matcher(cv::NORM_L1,TRUE);
                                    ^
make[2]: *** [CMakeFiles/frontend.dir/src/SURF.cpp.o] Error 1
make[1]: *** [CMakeFiles/frontend.dir/all] Error 2
make: *** [all] Error 2
