In file included from /home/tuofeichen/SLAM/MAV-Project/catkin_ws/src/backend/include/SURF.h:12:0,
                 from /home/tuofeichen/SLAM/MAV-Project/catkin_ws/src/backend/src/SURF.cpp:12:
/home/tuofeichen/SLAM/MAV-Project/catkin_ws/src/backend/include/IFeatures.h:67:16: error: ‘DMatch’ was not declared in this scope
    std::vector<DMatch>& matches) const = 0;
                ^
/home/tuofeichen/SLAM/MAV-Project/catkin_ws/src/backend/include/IFeatures.h:67:16: note: suggested alternative:
In file included from /opt/opencv3/include/opencv2/core.hpp:58:0,
                 from /opt/opencv3/include/opencv2/highgui.hpp:46,
                 from /home/tuofeichen/SLAM/MAV-Project/catkin_ws/src/backend/src/SURF.cpp:9:
/opt/opencv3/include/opencv2/core/types.hpp:728:27: note:   ‘cv::DMatch’
 class CV_EXPORTS_W_SIMPLE DMatch
                           ^
In file included from /home/tuofeichen/SLAM/MAV-Project/catkin_ws/src/backend/include/SURF.h:12:0,
                 from /home/tuofeichen/SLAM/MAV-Project/catkin_ws/src/backend/src/SURF.cpp:12:
/home/tuofeichen/SLAM/MAV-Project/catkin_ws/src/backend/include/IFeatures.h:67:22: error: template argument 1 is invalid
    std::vector<DMatch>& matches) const = 0;
                      ^
/home/tuofeichen/SLAM/MAV-Project/catkin_ws/src/backend/include/IFeatures.h:67:22: error: template argument 2 is invalid
In file included from /home/tuofeichen/SLAM/MAV-Project/catkin_ws/src/backend/src/SURF.cpp:12:0:
/home/tuofeichen/SLAM/MAV-Project/catkin_ws/src/backend/include/SURF.h:47:16: error: ‘DMatch’ was not declared in this scope
    std::vector<DMatch>& matches) const
                ^
/home/tuofeichen/SLAM/MAV-Project/catkin_ws/src/backend/include/SURF.h:47:16: note: suggested alternative:
In file included from /opt/opencv3/include/opencv2/core.hpp:58:0,
                 from /opt/opencv3/include/opencv2/highgui.hpp:46,
                 from /home/tuofeichen/SLAM/MAV-Project/catkin_ws/src/backend/src/SURF.cpp:9:
/opt/opencv3/include/opencv2/core/types.hpp:728:27: note:   ‘cv::DMatch’
 class CV_EXPORTS_W_SIMPLE DMatch
                           ^
In file included from /home/tuofeichen/SLAM/MAV-Project/catkin_ws/src/backend/src/SURF.cpp:12:0:
/home/tuofeichen/SLAM/MAV-Project/catkin_ws/src/backend/include/SURF.h:47:22: error: template argument 1 is invalid
    std::vector<DMatch>& matches) const
                      ^
/home/tuofeichen/SLAM/MAV-Project/catkin_ws/src/backend/include/SURF.h:47:22: error: template argument 2 is invalid
/home/tuofeichen/SLAM/MAV-Project/catkin_ws/src/backend/include/SURF.h:47:34: error: expected ‘;’ at end of member declaration
    std::vector<DMatch>& matches) const
                                  ^
/home/tuofeichen/SLAM/MAV-Project/catkin_ws/src/backend/src/SURF.cpp:55:16: error: ‘DMatch’ was not declared in this scope
    std::vector<DMatch>& matches) const
                ^
/home/tuofeichen/SLAM/MAV-Project/catkin_ws/src/backend/src/SURF.cpp:55:16: note: suggested alternative:
In file included from /opt/opencv3/include/opencv2/core.hpp:58:0,
                 from /opt/opencv3/include/opencv2/highgui.hpp:46,
                 from /home/tuofeichen/SLAM/MAV-Project/catkin_ws/src/backend/src/SURF.cpp:9:
/opt/opencv3/include/opencv2/core/types.hpp:728:27: note:   ‘cv::DMatch’
 class CV_EXPORTS_W_SIMPLE DMatch
                           ^
/home/tuofeichen/SLAM/MAV-Project/catkin_ws/src/backend/src/SURF.cpp:55:22: error: template argument 1 is invalid
    std::vector<DMatch>& matches) const
                      ^
/home/tuofeichen/SLAM/MAV-Project/catkin_ws/src/backend/src/SURF.cpp:55:22: error: template argument 2 is invalid
/home/tuofeichen/SLAM/MAV-Project/catkin_ws/src/backend/src/SURF.cpp: In member function ‘virtual bool SLAM::SURF::match(const std::vector<cv::KeyPoint>&, const cv::Mat&, const std::vector<cv::KeyPoint>&, const cv::Mat&, int&) const’:
/home/tuofeichen/SLAM/MAV-Project/catkin_ws/src/backend/src/SURF.cpp:62:2: error: ‘DMatch’ was not declared in this scope
  DMatch match;
  ^
/home/tuofeichen/SLAM/MAV-Project/catkin_ws/src/backend/src/SURF.cpp:62:2: note: suggested alternative:
In file included from /opt/opencv3/include/opencv2/core.hpp:58:0,
                 from /opt/opencv3/include/opencv2/highgui.hpp:46,
                 from /home/tuofeichen/SLAM/MAV-Project/catkin_ws/src/backend/src/SURF.cpp:9:
/opt/opencv3/include/opencv2/core/types.hpp:728:27: note:   ‘cv::DMatch’
 class CV_EXPORTS_W_SIMPLE DMatch
                           ^
/home/tuofeichen/SLAM/MAV-Project/catkin_ws/src/backend/src/SURF.cpp:62:9: error: expected ‘;’ before ‘match’
  DMatch match;
         ^
/home/tuofeichen/SLAM/MAV-Project/catkin_ws/src/backend/src/SURF.cpp:67:55: error: ‘matchesIdx1’ was not declared in this scope
  for (int i = 0; i < indices.rows && static_cast<int>(matchesIdx1.size()) < sufficientNrOfMatches; ++i)
                                                       ^
/home/tuofeichen/SLAM/MAV-Project/catkin_ws/src/backend/src/SURF.cpp:72:9: error: ‘((const SLAM::SURF*)this)->SLAM::SURF::match’ does not have class type
    match.queryIdx = indices.at<int>(i,0);
         ^
In file included from /home/tuofeichen/SLAM/MAV-Project/catkin_ws/src/backend/include/ORB.h:12:0,
                 from /home/tuofeichen/SLAM/MAV-Project/catkin_ws/src/backend/src/ORB.cpp:10:
/home/tuofeichen/SLAM/MAV-Project/catkin_ws/src/backend/include/IFeatures.h:67:16: error: ‘DMatch’ was not declared in this scope
    std::vector<DMatch>& matches) const = 0;
                ^
/home/tuofeichen/SLAM/MAV-Project/catkin_ws/src/backend/src/SURF.cpp:73:9: error: ‘((const SLAM::SURF*)this)->SLAM::SURF::match’ does not have class type
    match.trainIdx = i;
         ^
/home/tuofeichen/SLAM/MAV-Project/catkin_ws/src/backend/src/SURF.cpp:74:9: error: ‘((const SLAM::SURF*)this)->SLAM::SURF::match’ does not have class type
    match.distance = dists.at<float>(i,0);
         ^
/home/tuofeichen/SLAM/MAV-Project/catkin_ws/src/backend/include/IFeatures.h:67:16: note: suggested alternative:
In file included from /opt/opencv3/include/opencv2/core.hpp:58:0,
                 from /home/tuofeichen/SLAM/MAV-Project/catkin_ws/src/backend/include/IFeatures.h:12,
                 from /home/tuofeichen/SLAM/MAV-Project/catkin_ws/src/backend/include/ORB.h:12,
                 from /home/tuofeichen/SLAM/MAV-Project/catkin_ws/src/backend/src/ORB.cpp:10:
/opt/opencv3/include/opencv2/core/types.hpp:728:27: note:   ‘cv::DMatch’
 class CV_EXPORTS_W_SIMPLE DMatch
                           ^
In file included from /home/tuofeichen/SLAM/MAV-Project/catkin_ws/src/backend/include/ORB.h:12:0,
                 from /home/tuofeichen/SLAM/MAV-Project/catkin_ws/src/backend/src/ORB.cpp:10:
/home/tuofeichen/SLAM/MAV-Project/catkin_ws/src/backend/include/IFeatures.h:67:22: error: template argument 1 is invalid
    std::vector<DMatch>& matches) const = 0;
                      ^
/home/tuofeichen/SLAM/MAV-Project/catkin_ws/src/backend/include/IFeatures.h:67:22: error: template argument 2 is invalid
/home/tuofeichen/SLAM/MAV-Project/catkin_ws/src/backend/src/SURF.cpp:75:12: error: request for member ‘push_back’ in ‘matches’, which is of non-class type ‘int’
    matches.push_back(match);
            ^
/home/tuofeichen/SLAM/MAV-Project/catkin_ws/src/backend/src/SURF.cpp:83:23: error: ‘matchesIdx1’ was not declared in this scope
  if (static_cast<int>(matchesIdx1.size()) < minNrOfMatches)
                       ^
In file included from /home/tuofeichen/SLAM/MAV-Project/catkin_ws/src/backend/include/SIFT.h:12:0,
                 from /home/tuofeichen/SLAM/MAV-Project/catkin_ws/src/backend/src/SIFT.cpp:8:
/home/tuofeichen/SLAM/MAV-Project/catkin_ws/src/backend/include/IFeatures.h:67:16: error: ‘DMatch’ was not declared in this scope
    std::vector<DMatch>& matches) const = 0;
                ^
/home/tuofeichen/SLAM/MAV-Project/catkin_ws/src/backend/include/IFeatures.h:67:16: note: suggested alternative:
In file included from /opt/opencv3/include/opencv2/core.hpp:58:0,
                 from /opt/opencv3/include/opencv2/features2d.hpp:46,
                 from /opt/opencv3/include/opencv2/xfeatures2d.hpp:42,
                 from /home/tuofeichen/SLAM/MAV-Project/catkin_ws/src/backend/include/SIFT.h:10,
                 from /home/tuofeichen/SLAM/MAV-Project/catkin_ws/src/backend/src/SIFT.cpp:8:
/opt/opencv3/include/opencv2/core/types.hpp:728:27: note:   ‘cv::DMatch’
 class CV_EXPORTS_W_SIMPLE DMatch
                           ^
In file included from /home/tuofeichen/SLAM/MAV-Project/catkin_ws/src/backend/include/SIFT.h:12:0,
                 from /home/tuofeichen/SLAM/MAV-Project/catkin_ws/src/backend/src/SIFT.cpp:8:
/home/tuofeichen/SLAM/MAV-Project/catkin_ws/src/backend/include/IFeatures.h:67:22: error: template argument 1 is invalid
    std::vector<DMatch>& matches) const = 0;
                      ^
/home/tuofeichen/SLAM/MAV-Project/catkin_ws/src/backend/include/IFeatures.h:67:22: error: template argument 2 is invalid
/home/tuofeichen/SLAM/MAV-Project/catkin_ws/src/backend/src/SURF.cpp:88:1: warning: control reaches end of non-void function [-Wreturn-type]
 }
 ^
make[2]: *** [CMakeFiles/frontend.dir/src/SURF.cpp.o] Error 1
make[2]: *** Waiting for unfinished jobs....
make[2]: *** [CMakeFiles/frontend.dir/src/ORB.cpp.o] Error 1
make[2]: *** [CMakeFiles/frontend.dir/src/SIFT.cpp.o] Error 1
In file included from /home/tuofeichen/SLAM/MAV-Project/catkin_ws/src/backend/include/Mapping.h:18:0,
                 from /home/tuofeichen/SLAM/MAV-Project/catkin_ws/src/backend/src/Mapping.cpp:14:
/home/tuofeichen/SLAM/MAV-Project/catkin_ws/src/backend/include/IFeatures.h:67:16: error: ‘DMatch’ was not declared in this scope
    std::vector<DMatch>& matches) const = 0;
                ^
/home/tuofeichen/SLAM/MAV-Project/catkin_ws/src/backend/include/IFeatures.h:67:16: note: suggested alternative:
In file included from /opt/opencv3/include/opencv2/core.hpp:58:0,
                 from /opt/opencv3/include/opencv2/highgui.hpp:46,
                 from /home/tuofeichen/SLAM/MAV-Project/catkin_ws/src/backend/src/Mapping.cpp:11:
/opt/opencv3/include/opencv2/core/types.hpp:728:27: note:   ‘cv::DMatch’
 class CV_EXPORTS_W_SIMPLE DMatch
                           ^
In file included from /home/tuofeichen/SLAM/MAV-Project/catkin_ws/src/backend/include/Mapping.h:18:0,
                 from /home/tuofeichen/SLAM/MAV-Project/catkin_ws/src/backend/src/Mapping.cpp:14:
/home/tuofeichen/SLAM/MAV-Project/catkin_ws/src/backend/include/IFeatures.h:67:22: error: template argument 1 is invalid
    std::vector<DMatch>& matches) const = 0;
                      ^
/home/tuofeichen/SLAM/MAV-Project/catkin_ws/src/backend/include/IFeatures.h:67:22: error: template argument 2 is invalid
/home/tuofeichen/SLAM/MAV-Project/catkin_ws/src/backend/src/Mapping.cpp: In member function ‘void SLAM::Mapping::matchTwoFrames(const SLAM::Frame&, const SLAM::Frame&, bool&, bool&, Eigen::Isometry3d&, Eigen::Matrix<double, 6, 6>&)’:
/home/tuofeichen/SLAM/MAV-Project/catkin_ws/src/backend/src/Mapping.cpp:260:150: error: no matching function for call to ‘SLAM::IFeatures::match(const std::vector<cv::KeyPoint>&, const cv::Mat&, const std::vector<cv::KeyPoint>&, const cv::Mat&, std::vector<int>&, std::vector<int>&)’
  enoughMatches = fdem->match(frame1.getKeypoints(), frame1.getDescriptors(), frame2.getKeypoints(), frame2.getDescriptors(), matchesIdx1, matchesIdx2);
                                                                                                                                                      ^
/home/tuofeichen/SLAM/MAV-Project/catkin_ws/src/backend/src/Mapping.cpp:260:150: note: candidate is:
In file included from /home/tuofeichen/SLAM/MAV-Project/catkin_ws/src/backend/include/Mapping.h:18:0,
                 from /home/tuofeichen/SLAM/MAV-Project/catkin_ws/src/backend/src/Mapping.cpp:14:
/home/tuofeichen/SLAM/MAV-Project/catkin_ws/src/backend/include/IFeatures.h:65:16: note: virtual bool SLAM::IFeatures::match(const std::vector<cv::KeyPoint>&, const cv::Mat&, const std::vector<cv::KeyPoint>&, const cv::Mat&, int&) const
   virtual bool match( const std::vector<cv::KeyPoint>& kpts1, const cv::Mat& descs1,
                ^
/home/tuofeichen/SLAM/MAV-Project/catkin_ws/src/backend/include/IFeatures.h:65:16: note:   candidate expects 5 arguments, 6 provided
/home/tuofeichen/SLAM/MAV-Project/catkin_ws/src/backend/src/Mapping.cpp:267:104: error: no matching function for call to ‘drawMatches(const cv::Mat&, const std::vector<cv::KeyPoint>&, const cv::Mat&, const std::vector<cv::KeyPoint>&, std::vector<int>&, cv::Mat&, cv::Scalar_<double>, cv::Scalar_<double>, std::vector<char>, cv::DrawMatchesFlags::<anonymous enum>)’
    imgMatch,Scalar::all(-1), Scalar::all(-1), vector<char>(), DrawMatchesFlags::NOT_DRAW_SINGLE_POINTS );
                                                                                                        ^
/home/tuofeichen/SLAM/MAV-Project/catkin_ws/src/backend/src/Mapping.cpp:267:104: note: candidates are:
In file included from /home/tuofeichen/SLAM/MAV-Project/catkin_ws/src/backend/include/IFeatures.h:13:0,
                 from /home/tuofeichen/SLAM/MAV-Project/catkin_ws/src/backend/include/Mapping.h:18,
                 from /home/tuofeichen/SLAM/MAV-Project/catkin_ws/src/backend/src/Mapping.cpp:14:
/opt/opencv3/include/opencv2/features2d.hpp:1104:19: note: void cv::drawMatches(cv::InputArray, const std::vector<cv::KeyPoint>&, cv::InputArray, const std::vector<cv::KeyPoint>&, const std::vector<cv::DMatch>&, cv::InputOutputArray, const Scalar&, const Scalar&, const std::vector<char>&, int)
 CV_EXPORTS_W void drawMatches( InputArray img1, const std::vector<KeyPoint>& keypoints1,
                   ^
/opt/opencv3/include/opencv2/features2d.hpp:1104:19: note:   no known conversion for argument 5 from ‘std::vector<int>’ to ‘const std::vector<cv::DMatch>&’
/opt/opencv3/include/opencv2/features2d.hpp:1111:36: note: void cv::drawMatches(cv::InputArray, const std::vector<cv::KeyPoint>&, cv::InputArray, const std::vector<cv::KeyPoint>&, const std::vector<std::vector<cv::DMatch> >&, cv::InputOutputArray, const Scalar&, const Scalar&, const std::vector<std::vector<char> >&, int)
 CV_EXPORTS_AS(drawMatchesKnn) void drawMatches( InputArray img1, const std::vector<KeyPoint>& keypoints1,
                                    ^
/opt/opencv3/include/opencv2/features2d.hpp:1111:36: note:   no known conversion for argument 5 from ‘std::vector<int>’ to ‘const std::vector<std::vector<cv::DMatch> >&’
make[2]: *** [CMakeFiles/frontend.dir/src/Mapping.cpp.o] Error 1
make[1]: *** [CMakeFiles/frontend.dir/all] Error 2
make: *** [all] Error 2
