/home/tuofeichen/SLAM/MAV-Project/catkin_ws/src/backend/src/RANSACBasedTME.cpp: In member function ‘virtual bool SLAM::RANSACBasedTME::estimateTrafo(const std::vector<Eigen::Matrix<float, 3, 1> >&, const std::vector<int>&, const std::vector<Eigen::Matrix<float, 3, 1> >&, const std::vector<int>&, Eigen::Matrix4f&, Eigen::Matrix<double, 6, 6>&, std::vector<int>&) const’:
/home/tuofeichen/SLAM/MAV-Project/catkin_ws/src/backend/src/RANSACBasedTME.cpp:239:20: warning: variable ‘tmOld’ set but not used [-Wunused-but-set-variable]
    Eigen::Matrix4f tmOld = transfMat;
                    ^
/home/tuofeichen/SLAM/MAV-Project/catkin_ws/src/backend/src/Mapping.cpp:336:4: warning: multi-line comment [-Wcomment]
    // cv::drawMatches(frame1.getGray(),frame1.getKeypoints(),frame2.getGray(),frame2.getKeypoints(), matches, \
    ^
In file included from /home/tuofeichen/SLAM/MAV-Project/catkin_ws/src/backend/src/Mapping.cpp:16:0:
/home/tuofeichen/SLAM/MAV-Project/catkin_ws/src/backend/include/Mapping.h:103:20: error: expected ‘}’ before ‘;’ token
  enum{ badFrame = 0; recoverFrame = 1; dummyFrame = 2;}
                    ^
/home/tuofeichen/SLAM/MAV-Project/catkin_ws/src/backend/include/Mapping.h:103:22: error: ‘recoverFrame’ does not name a type
  enum{ badFrame = 0; recoverFrame = 1; dummyFrame = 2;}
                      ^
/home/tuofeichen/SLAM/MAV-Project/catkin_ws/src/backend/include/Mapping.h:103:40: error: ‘dummyFrame’ does not name a type
  enum{ badFrame = 0; recoverFrame = 1; dummyFrame = 2;}
                                        ^
/home/tuofeichen/SLAM/MAV-Project/catkin_ws/src/backend/include/Mapping.h: In member function ‘const Isometry3d& SLAM::Mapping::getCurrentPosition()’:
/home/tuofeichen/SLAM/MAV-Project/catkin_ws/src/backend/include/Mapping.h:81:57: error: ‘currentPosition’ was not declared in this scope
  const Eigen::Isometry3d& getCurrentPosition() { return currentPosition; }
                                                         ^
/home/tuofeichen/SLAM/MAV-Project/catkin_ws/src/backend/include/Mapping.h: In member function ‘unsigned int SLAM::Mapping::getFrameCounter()’:
/home/tuofeichen/SLAM/MAV-Project/catkin_ws/src/backend/include/Mapping.h:85:41: error: ‘frameCounter’ was not declared in this scope
  unsigned int getFrameCounter() {return frameCounter;}
                                         ^
/home/tuofeichen/SLAM/MAV-Project/catkin_ws/src/backend/include/Mapping.h: In member function ‘unsigned int SLAM::Mapping::getBadFrameCounter()’:
/home/tuofeichen/SLAM/MAV-Project/catkin_ws/src/backend/include/Mapping.h:86:44: error: ‘badFrameCounter’ was not declared in this scope
  unsigned int getBadFrameCounter() {return badFrameCounter;}
                                            ^
/home/tuofeichen/SLAM/MAV-Project/catkin_ws/src/backend/include/Mapping.h: In member function ‘unsigned int SLAM::Mapping::getNoTrafoFoundCounter()’:
/home/tuofeichen/SLAM/MAV-Project/catkin_ws/src/backend/include/Mapping.h:87:48: error: ‘noTrafoFoundCounter’ was not declared in this scope
  unsigned int getNoTrafoFoundCounter() {return noTrafoFoundCounter;}
                                                ^
/home/tuofeichen/SLAM/MAV-Project/catkin_ws/src/backend/include/Mapping.h: In member function ‘unsigned int SLAM::Mapping::getTrafoToSmallCounter()’:
/home/tuofeichen/SLAM/MAV-Project/catkin_ws/src/backend/include/Mapping.h:88:48: error: ‘trafoToSmallCounter’ was not declared in this scope
  unsigned int getTrafoToSmallCounter() {return trafoToSmallCounter;}
                                                ^
/home/tuofeichen/SLAM/MAV-Project/catkin_ws/src/backend/include/Mapping.h: In member function ‘unsigned int SLAM::Mapping::getDetLoopClsrsCounter()’:
/home/tuofeichen/SLAM/MAV-Project/catkin_ws/src/backend/include/Mapping.h:89:48: error: ‘detLoopClsrsCounter’ was not declared in this scope
  unsigned int getDetLoopClsrsCounter() {return detLoopClsrsCounter;}
                                                ^
/home/tuofeichen/SLAM/MAV-Project/catkin_ws/src/backend/include/Mapping.h: In member function ‘unsigned int SLAM::Mapping::getTrafoVelocityToBigCounter()’:
/home/tuofeichen/SLAM/MAV-Project/catkin_ws/src/backend/include/Mapping.h:90:54: error: ‘trafoVelocityToBigCounter’ was not declared in this scope
  unsigned int getTrafoVelocityToBigCounter() {return trafoVelocityToBigCounter;}
                                                      ^
/home/tuofeichen/SLAM/MAV-Project/catkin_ws/src/backend/include/Mapping.h: In member function ‘unsigned int SLAM::Mapping::getDummyNodeCounter()’:
/home/tuofeichen/SLAM/MAV-Project/catkin_ws/src/backend/include/Mapping.h:91:45: error: ‘dummyNodeCounter’ was not declared in this scope
  unsigned int getDummyNodeCounter() {return dummyNodeCounter;}
                                             ^
/home/tuofeichen/SLAM/MAV-Project/catkin_ws/src/backend/include/Mapping.h: In member function ‘const std::vector<SLAM::Frame>& SLAM::Mapping::getNodes()’:
/home/tuofeichen/SLAM/MAV-Project/catkin_ws/src/backend/include/Mapping.h:93:47: error: ‘nodes’ was not declared in this scope
  const std::vector<Frame>& getNodes() {return nodes;}
                                               ^
/home/tuofeichen/SLAM/MAV-Project/catkin_ws/src/backend/include/Mapping.h: In member function ‘const std::vector<SLAM::Frame>& SLAM::Mapping::getKeyFrames()’:
/home/tuofeichen/SLAM/MAV-Project/catkin_ws/src/backend/include/Mapping.h:94:51: error: ‘keyFrames’ was not declared in this scope
  const std::vector<Frame>& getKeyFrames() {return keyFrames;}
                                                   ^
/home/tuofeichen/SLAM/MAV-Project/catkin_ws/src/backend/include/Mapping.h: At global scope:
/home/tuofeichen/SLAM/MAV-Project/catkin_ws/src/backend/include/Mapping.h:106:24: error: two or more data types in declaration of ‘onlineOptimization’
  static constexpr bool onlineOptimization = true; ///< Enables/disable online optimization
                        ^
In file included from /home/tuofeichen/SLAM/MAV-Project/catkin_ws/src/backend/src/Mapping.cpp:16:0:
/home/tuofeichen/SLAM/MAV-Project/catkin_ws/src/backend/include/Mapping.h:128:1: error: expected unqualified-id before ‘private’
 private:
 ^
/home/tuofeichen/SLAM/MAV-Project/catkin_ws/src/backend/include/Mapping.h:157:109: error: non-member function ‘void SLAM::convertRotMatToEulerAngles(const Matrix3d&, double&, double&, double&)’ cannot have cv-qualifier
  inline void convertRotMatToEulerAngles(const Eigen::Matrix3d& t, double& roll, double& pitch, double& yaw) const;
                                                                                                             ^
/home/tuofeichen/SLAM/MAV-Project/catkin_ws/src/backend/include/Mapping.h:158:59: error: non-member function ‘bool SLAM::isMovementBigEnough(const Isometry3d&)’ cannot have cv-qualifier
  bool isMovementBigEnough(const Eigen::Isometry3d& trafo) const;
                                                           ^
/home/tuofeichen/SLAM/MAV-Project/catkin_ws/src/backend/include/Mapping.h:159:76: error: non-member function ‘bool SLAM::isVelocitySmallEnough(const Isometry3d&, double)’ cannot have cv-qualifier
  bool isVelocitySmallEnough(const Eigen::Isometry3d& trafo, double deltaT) const;
                                                                            ^
/home/tuofeichen/SLAM/MAV-Project/catkin_ws/src/backend/include/Mapping.h:169:2: error: expected initializer before ‘IFeatures’
  IFeatures* fdem;
  ^
/home/tuofeichen/SLAM/MAV-Project/catkin_ws/src/backend/include/Mapping.h:189:43: error: ‘contFramesToMatch’ was not declared in this scope
  boost::thread handler[lcRandomMatching + contFramesToMatch + neighborsToMatch];
                                           ^
/home/tuofeichen/SLAM/MAV-Project/catkin_ws/src/backend/include/Mapping.h:189:63: error: ‘neighborsToMatch’ was not declared in this scope
  boost::thread handler[lcRandomMatching + contFramesToMatch + neighborsToMatch];
                                                               ^
/home/tuofeichen/SLAM/MAV-Project/catkin_ws/src/backend/include/Mapping.h:191:40: error: ‘contFramesToMatch’ was not declared in this scope
  bool enoughMatches[lcRandomMatching + contFramesToMatch + neighborsToMatch];
                                        ^
/home/tuofeichen/SLAM/MAV-Project/catkin_ws/src/backend/include/Mapping.h:191:60: error: ‘neighborsToMatch’ was not declared in this scope
  bool enoughMatches[lcRandomMatching + contFramesToMatch + neighborsToMatch];
                                                            ^
/home/tuofeichen/SLAM/MAV-Project/catkin_ws/src/backend/include/Mapping.h:192:37: error: ‘contFramesToMatch’ was not declared in this scope
  bool validTrafo[lcRandomMatching + contFramesToMatch + neighborsToMatch];
                                     ^
/home/tuofeichen/SLAM/MAV-Project/catkin_ws/src/backend/include/Mapping.h:192:57: error: ‘neighborsToMatch’ was not declared in this scope
  bool validTrafo[lcRandomMatching + contFramesToMatch + neighborsToMatch];
                                                         ^
/home/tuofeichen/SLAM/MAV-Project/catkin_ws/src/backend/include/Mapping.h:193:62: error: ‘contFramesToMatch’ was not declared in this scope
  Eigen::Isometry3d transformationMatrices[lcRandomMatching + contFramesToMatch + neighborsToMatch];
                                                              ^
/home/tuofeichen/SLAM/MAV-Project/catkin_ws/src/backend/include/Mapping.h:193:82: error: ‘neighborsToMatch’ was not declared in this scope
  Eigen::Isometry3d transformationMatrices[lcRandomMatching + contFramesToMatch + neighborsToMatch];
                                                                                  ^
/home/tuofeichen/SLAM/MAV-Project/catkin_ws/src/backend/include/Mapping.h:194:69: error: ‘contFramesToMatch’ was not declared in this scope
  Eigen::Matrix<double, 6, 6> informationMatrices[lcRandomMatching + contFramesToMatch + neighborsToMatch];
                                                                     ^
/home/tuofeichen/SLAM/MAV-Project/catkin_ws/src/backend/include/Mapping.h:194:89: error: ‘neighborsToMatch’ was not declared in this scope
  Eigen::Matrix<double, 6, 6> informationMatrices[lcRandomMatching + contFramesToMatch + neighborsToMatch];
                                                                                         ^
/home/tuofeichen/SLAM/MAV-Project/catkin_ws/src/backend/include/Mapping.h:195:34: error: ‘contFramesToMatch’ was not declared in this scope
  int graphIds[lcRandomMatching + contFramesToMatch + neighborsToMatch];
                                  ^
/home/tuofeichen/SLAM/MAV-Project/catkin_ws/src/backend/include/Mapping.h:195:54: error: ‘neighborsToMatch’ was not declared in this scope
  int graphIds[lcRandomMatching + contFramesToMatch + neighborsToMatch];
                                                      ^
/home/tuofeichen/SLAM/MAV-Project/catkin_ws/src/backend/include/Mapping.h:196:35: error: ‘contFramesToMatch’ was not declared in this scope
  double deltaT[lcRandomMatching + contFramesToMatch + neighborsToMatch];
                                   ^
/home/tuofeichen/SLAM/MAV-Project/catkin_ws/src/backend/include/Mapping.h:196:55: error: ‘neighborsToMatch’ was not declared in this scope
  double deltaT[lcRandomMatching + contFramesToMatch + neighborsToMatch];
                                                       ^
/home/tuofeichen/SLAM/MAV-Project/catkin_ws/src/backend/include/Mapping.h:233:1: error: expected unqualified-id before ‘public’
 public:
 ^
/home/tuofeichen/SLAM/MAV-Project/catkin_ws/src/backend/include/Mapping.h:241:1: error: expected declaration before ‘}’ token
 } /* namespace SLAM */
 ^
make[2]: *** [CMakeFiles/frontend.dir/src/Mapping.cpp.o] Error 1
make[1]: *** [CMakeFiles/frontend.dir/all] Error 2
make: *** [all] Error 2
