/home/tuofeichen/SLAM/MAV-Project/catkin_ws/src/rgbd_slam/src/main.cpp: In function ‘int main(int, char**)’:
/home/tuofeichen/SLAM/MAV-Project/catkin_ws/src/rgbd_slam/src/main.cpp:206:15: warning: variable ‘couldNotMatchCounter’ set but not used [-Wunused-but-set-variable]
  unsigned int couldNotMatchCounter = 0;
               ^
/home/tuofeichen/SLAM/MAV-Project/catkin_ws/src/rgbd_slam/src/main.cpp:298:21: warning: variable ‘dif’ set but not used [-Wunused-but-set-variable]
  double start, end, dif; // debug
                     ^
CMakeFiles/rgbd_slam.dir/src/main.cpp.o: In function `testTransform()':
main.cpp:(.text+0x63a): undefined reference to `VisualOdometry::setKeypoints(Frame&)'
main.cpp:(.text+0x65e): undefined reference to `VisualOdometry::estimateTrafo(Frame const&, Frame const&, Eigen::Matrix<float, 4, 4, 0, 4, 4>&, Eigen::Matrix<float, 6, 6, 0, 6, 6>&, bool&)'
main.cpp:(.text+0x1085): undefined reference to `VisualOdometry::setKeypoints(Frame&)'
CMakeFiles/rgbd_slam.dir/src/main.cpp.o: In function `main':
main.cpp:(.text.startup+0x53e): undefined reference to `AsusProLiveOpenNI2::grab(Frame&)'
main.cpp:(.text.startup+0x581): undefined reference to `AsusProLiveOpenNI2::grab(Frame&)'
main.cpp:(.text.startup+0x6d9): undefined reference to `VisualOdometry::setKeypoints(Frame&)'
main.cpp:(.text.startup+0x747): undefined reference to `AsusProLiveOpenNI2::grab(Frame&)'
main.cpp:(.text.startup+0x781): undefined reference to `VisualOdometry::setKeypoints(Frame&)'
main.cpp:(.text.startup+0x7f5): undefined reference to `VisualOdometry::estimateTrafo(Frame const&, Frame const&, Eigen::Matrix<float, 4, 4, 0, 4, 4>&, Eigen::Matrix<float, 6, 6, 0, 6, 6>&, bool&)'
main.cpp:(.text.startup+0x867): undefined reference to `VisualOdometry::checkReliability(Eigen::Matrix<float, 4, 4, 0, 4, 4> const&, double const&)'
collect2: error: ld returned 1 exit status
make[2]: *** [/home/tuofeichen/SLAM/MAV-Project/catkin_ws/devel/lib/rgbd_slam/rgbd_slam] Error 1
make[1]: *** [CMakeFiles/rgbd_slam.dir/all] Error 2
make: *** [all] Error 2
