[35m[1mScanning dependencies of target _frontend_generate_messages_check_deps_CtrlState[0m
[  0%] Built target roscpp_generate_messages_py
[  0%] Built target geometry_msgs_generate_messages_py
[  0%] Built target roscpp_generate_messages_lisp
[  0%] Built target rosgraph_msgs_generate_messages_py
[  0%] Built target std_msgs_generate_messages_cpp
[  0%] Built target geometry_msgs_generate_messages_lisp
[35m[1mScanning dependencies of target SLAM[0m
[  0%] Built target std_msgs_generate_messages_lisp
[  0%] Built target roscpp_generate_messages_cpp
[  0%] Built target _frontend_generate_messages_check_deps_CtrlState
[  0%] Built target geometry_msgs_generate_messages_cpp
[  0%] Built target rosgraph_msgs_generate_messages_lisp
[  0%] Built target rosgraph_msgs_generate_messages_cpp
[35m[1mScanning dependencies of target frontend_generate_messages_py[0m
[  0%] Built target std_msgs_generate_messages_py
[35m[1mScanning dependencies of target frontend_generate_messages_lisp[0m
[  4%] [34m[1mGenerating Python from MSG frontend/CtrlState[0m
[  8%] [34m[1mGenerating Lisp code from frontend/CtrlState.msg[0m
[35m[1mScanning dependencies of target frontend_generate_messages_cpp[0m
[ 12%] [34m[1mGenerating C++ code from frontend/CtrlState.msg[0m
[ 12%] Built target frontend_generate_messages_lisp
[ 16%] [34m[1mGenerating Python msg __init__.py for frontend[0m
[ 20%] [32mBuilding CXX object CMakeFiles/SLAM.dir/src/AnalyticBasedTME.cpp.o[0m
[ 24%] [32mBuilding CXX object CMakeFiles/SLAM.dir/src/FrameToPcConverter.cpp.o[0m
[ 24%] Built target frontend_generate_messages_py
[ 28%] [32mBuilding CXX object CMakeFiles/SLAM.dir/src/G2oPoseGraph.cpp.o[0m
[ 28%] Built target frontend_generate_messages_cpp
[ 32%] [32mBuilding CXX object CMakeFiles/SLAM.dir/src/Mapping.cpp.o[0m
[ 36%] [32mBuilding CXX object CMakeFiles/SLAM.dir/src/Frame.cpp.o[0m
In file included from /home/tuofeichen/SLAM/MAV-Project/catkin_ws/src/frontend/include/Mapping.h:24:0,
                 from /home/tuofeichen/SLAM/MAV-Project/catkin_ws/src/frontend/src/Mapping.cpp:16:
/home/tuofeichen/SLAM/MAV-Project/catkin_ws/src/frontend/include/RosHandler.h:9:23: fatal error: CtrlState.h: No such file or directory
 #include "CtrlState.h"
                       ^
compilation terminated.
In file included from /home/tuofeichen/SLAM/MAV-Project/catkin_ws/src/frontend/src/Frame.cpp:7:0:
/home/tuofeichen/SLAM/MAV-Project/catkin_ws/src/frontend/include/Frame.h: In constructor â€˜SLAM::Frame::Frame(boost::shared_ptr<cv::Mat>&, boost::shared_ptr<cv::Mat>&, boost::shared_ptr<cv::Mat>&, boost::shared_ptr<double>&)â€™:
/home/tuofeichen/SLAM/MAV-Project/catkin_ws/src/frontend/include/Frame.h:249:26: warning: â€˜SLAM::Frame::newNodeFlagâ€™ will be initialized after [-Wreorder]
  boost::shared_ptr<bool> newNodeFlag;
                          ^
/home/tuofeichen/SLAM/MAV-Project/catkin_ws/src/frontend/include/Frame.h:248:26: warning:   â€˜boost::shared_ptr<bool> SLAM::Frame::dummyFrameFlagâ€™ [-Wreorder]
  boost::shared_ptr<bool> dummyFrameFlag; 
                          ^
/home/tuofeichen/SLAM/MAV-Project/catkin_ws/src/frontend/src/Frame.cpp:18:1: warning:   when initialized here [-Wreorder]
 Frame::Frame(boost::shared_ptr<cv::Mat>& rgbImage, boost::shared_ptr<cv::Mat>& grayImage, boost::shared_ptr<cv::Mat>& depthImage, boost::shared_ptr<double>& timeStamp)
 ^
In file included from /home/tuofeichen/SLAM/MAV-Project/catkin_ws/src/frontend/src/Frame.cpp:7:0:
/home/tuofeichen/SLAM/MAV-Project/catkin_ws/src/frontend/include/Frame.h:256:37: warning: â€˜SLAM::Frame::posâ€™ will be initialized after [-Wreorder]
  boost::shared_ptr<Eigen::Matrix4f> pos;
                                     ^
/home/tuofeichen/SLAM/MAV-Project/catkin_ws/src/frontend/include/Frame.h:252:28: warning:   â€˜boost::shared_ptr<double> SLAM::Frame::timeâ€™ [-Wreorder]
  boost::shared_ptr<double> time;
                            ^
/home/tuofeichen/SLAM/MAV-Project/catkin_ws/src/frontend/src/Frame.cpp:18:1: warning:   when initialized here [-Wreorder]
 Frame::Frame(boost::shared_ptr<cv::Mat>& rgbImage, boost::shared_ptr<cv::Mat>& grayImage, boost::shared_ptr<cv::Mat>& depthImage, boost::shared_ptr<double>& timeStamp)
 ^
In file included from /home/tuofeichen/SLAM/MAV-Project/catkin_ws/src/frontend/src/Frame.cpp:7:0:
/home/tuofeichen/SLAM/MAV-Project/catkin_ws/src/frontend/include/Frame.h:260:29: warning: â€˜SLAM::Frame::descriptorsâ€™ will be initialized after [-Wreorder]
  boost::shared_ptr<cv::Mat> descriptors;
                             ^
/home/tuofeichen/SLAM/MAV-Project/catkin_ws/src/frontend/include/Frame.h:258:47: warning:   â€˜boost::shared_ptr<std::vector<cv::KeyPoint> > SLAM::Frame::keypointsâ€™ [-Wreorder]
  boost::shared_ptr<std::vector<cv::KeyPoint>> keypoints;
                                               ^
/home/tuofeichen/SLAM/MAV-Project/catkin_ws/src/frontend/src/Frame.cpp:18:1: warning:   when initialized here [-Wreorder]
 Frame::Frame(boost::shared_ptr<cv::Mat>& rgbImage, boost::shared_ptr<cv::Mat>& grayImage, boost::shared_ptr<cv::Mat>& depthImage, boost::shared_ptr<double>& timeStamp)
 ^
[ 40%] [32mBuilding CXX object CMakeFiles/SLAM.dir/src/RANSACBasedTME.cpp.o[0m
[ 44%] [32mBuilding CXX object CMakeFiles/SLAM.dir/src/TcpClient.cpp.o[0m
[ 48%] [32mBuilding CXX object CMakeFiles/SLAM.dir/src/SIFT.cpp.o[0m
[ 52%] [32mBuilding CXX object CMakeFiles/SLAM.dir/src/SURF.cpp.o[0m
[ 56%] [32mBuilding CXX object CMakeFiles/SLAM.dir/src/ORB.cpp.o[0m
[ 60%] [32mBuilding CXX object CMakeFiles/SLAM.dir/src/OrbDetSurfDesc.cpp.o[0m
[ 64%] [32mBuilding CXX object CMakeFiles/SLAM.dir/src/UavComProtocolHandler.cpp.o[0m
[ 68%] [32mBuilding CXX object CMakeFiles/SLAM.dir/src/Frontend.cpp.o[0m
[ 72%] [32mBuilding CXX object CMakeFiles/SLAM.dir/src/AsusProLiveOpenNI2.cpp.o[0m
make[2]: *** [CMakeFiles/SLAM.dir/src/Mapping.cpp.o] Error 1
make[2]: *** Waiting for unfinished jobs....
[35m[1mScanning dependencies of target frontend_generate_messages[0m
[ 72%] Built target frontend_generate_messages
make[1]: *** [CMakeFiles/SLAM.dir/all] Error 2
make: *** [all] Error 2
