[35m[1mScanning dependencies of target SURF
[  0%] [  0%] Built target std_msgs_generate_messages_cpp
Built target geometry_msgs_generate_messages_lisp
[  0%] [  0%] [  0%] Built target geometry_msgs_generate_messages_py
Built target std_msgs_generate_messages_lisp
[  0%] Built target geometry_msgs_generate_messages_cpp
[0mBuilt target _obj_test_generate_messages_check_deps_JoyCommand
[  0%] Built target _obj_test_generate_messages_check_deps_MoveCommand
[  5%] [ 11%] [ 17%] [ 23%] [ 23%] [ 29%] [32mBuilding CXX object CMakeFiles/SURF.dir/src/OrbDetSurfDesc.cpp.o
[0mBuilt target std_msgs_generate_messages_py
[32mBuilding CXX object CMakeFiles/SURF.dir/src/SURF.cpp.o
[32mBuilding CXX object CMakeFiles/SURF.dir/src/SIFT.cpp.o
[0m[0m[32mBuilding CXX object CMakeFiles/SURF.dir/src/AsusProLiveOpenNI2.cpp.o
[0m[32mBuilding CXX object CMakeFiles/SURF.dir/src/Frame.cpp.o
[0m[ 41%] Built target obj_test_generate_messages_lisp
[ 52%] Built target obj_test_generate_messages_cpp
[ 70%] Built target obj_test_generate_messages_py
[ 70%] Built target obj_test_generate_messages
/home/odroid/MAV-Project/px4_ws/src/obj_test/src/AsusProLiveOpenNI2.cpp: In static member function 'static bool AsusProLiveOpenNI2::grab(SLAM::Frame&)':
/home/odroid/MAV-Project/px4_ws/src/obj_test/src/AsusProLiveOpenNI2.cpp:232:31: error: 'colorFlag' was not declared in this scope
   cout << "color flag is " << colorFlag << endl;
                               ^
/home/odroid/MAV-Project/px4_ws/src/obj_test/src/AsusProLiveOpenNI2.cpp:233:31: error: 'depthFlag' was not declared in this scope
   cout << "depth flag is " << depthFlag << endl; 
                               ^
make[2]: *** [CMakeFiles/SURF.dir/src/AsusProLiveOpenNI2.cpp.o] Error 1
make[1]: *** [CMakeFiles/SURF.dir/all] Error 2
make: *** [all] Error 2
