[ 15%] Built target copter_visualization
[ 30%] Built target servo_state_publisher
[35m[1mScanning dependencies of target mavros_extras[0m
[ 38%] [32mBuilding CXX object CMakeFiles/mavros_extras.dir/src/plugins/vision_pose_estimate.cpp.o[0m
/home/tuofeichen/SLAM/MAV-Project/catkin_ws/src/mavros/mavros_extras/src/plugins/vision_pose_estimate.cpp:173:0: error: unterminated argument list invoking macro "ROS_INFO"
/home/tuofeichen/SLAM/MAV-Project/catkin_ws/src/mavros/mavros_extras/src/plugins/vision_pose_estimate.cpp:135:3: error: expected â€˜}â€™ at end of input
   ROS_INFO("RPY from mavros is %f, %f, %f", roll,pitch,yaw+M_PI/2;
   ^
/home/tuofeichen/SLAM/MAV-Project/catkin_ws/src/mavros/mavros_extras/src/plugins/vision_pose_estimate.cpp: In member function â€˜virtual void mavplugin::VisionPoseEstimatePlugin::initialize(mavros::UAS&)â€™:
/home/tuofeichen/SLAM/MAV-Project/catkin_ws/src/mavros/mavros_extras/src/plugins/vision_pose_estimate.cpp:60:31: error: â€˜transform_cbâ€™ is not a member of â€˜mavplugin::VisionPoseEstimatePluginâ€™
    tf2_start("VisionPoseTF", &VisionPoseEstimatePlugin::transform_cb);
                               ^
/home/tuofeichen/SLAM/MAV-Project/catkin_ws/src/mavros/mavros_extras/src/plugins/vision_pose_estimate.cpp:63:46: error: â€˜vision_cbâ€™ is not a member of â€˜mavplugin::VisionPoseEstimatePluginâ€™
    vision_sub = sp_nh.subscribe("pose", 10, &VisionPoseEstimatePlugin::vision_cb, this);
                                              ^
/home/tuofeichen/SLAM/MAV-Project/catkin_ws/src/mavros/mavros_extras/src/plugins/vision_pose_estimate.cpp:64:54: error: â€˜vision_cov_cbâ€™ is not a member of â€˜mavplugin::VisionPoseEstimatePluginâ€™
    vision_cov_sub = sp_nh.subscribe("pose_cov", 10, &VisionPoseEstimatePlugin::vision_cov_cb, this);
                                                      ^
/home/tuofeichen/SLAM/MAV-Project/catkin_ws/src/mavros/mavros_extras/src/plugins/vision_pose_estimate.cpp: In member function â€˜void mavplugin::VisionPoseEstimatePlugin::send_vision_estimate(const ros::Time&, const Affine3d&)â€™:
/home/tuofeichen/SLAM/MAV-Project/catkin_ws/src/mavros/mavros_extras/src/plugins/vision_pose_estimate.cpp:135:3: error: â€˜ROS_INFOâ€™ was not declared in this scope
   ROS_INFO("RPY from mavros is %f, %f, %f", roll,pitch,yaw+M_PI/2;
   ^
/home/tuofeichen/SLAM/MAV-Project/catkin_ws/src/mavros/mavros_extras/src/plugins/vision_pose_estimate.cpp:135:3: error: expected â€˜;â€™ at end of input
/home/tuofeichen/SLAM/MAV-Project/catkin_ws/src/mavros/mavros_extras/src/plugins/vision_pose_estimate.cpp:135:3: error: expected â€˜}â€™ at end of input
/home/tuofeichen/SLAM/MAV-Project/catkin_ws/src/mavros/mavros_extras/src/plugins/vision_pose_estimate.cpp: At global scope:
/home/tuofeichen/SLAM/MAV-Project/catkin_ws/src/mavros/mavros_extras/src/plugins/vision_pose_estimate.cpp:135:3: error: expected unqualified-id at end of input
/home/tuofeichen/SLAM/MAV-Project/catkin_ws/src/mavros/mavros_extras/src/plugins/vision_pose_estimate.cpp:135:3: error: expected â€˜}â€™ at end of input
make[2]: *** [CMakeFiles/mavros_extras.dir/src/plugins/vision_pose_estimate.cpp.o] Error 1
make[1]: *** [CMakeFiles/mavros_extras.dir/all] Error 2
make: *** [all] Error 2
